<?xml version="1.0" encoding="utf-8"?><testsuites name="pytest tests"><testsuite name="pytest" errors="0" failures="1" skipped="0" tests="13" time="1.737" timestamp="2026-01-23T15:43:25.931059+00:00" hostname="agent-env-bf227e66-8aa2-4cfa-8987-de9515cdd5e1"><testcase classname="backend.tests.test_adult_journey.TestAdultJourneyAPI" name="test_login_premium_user_returns_samourai_confirme_profile" time="0.252" /><testcase classname="backend.tests.test_adult_journey.TestAdultJourneyAPI" name="test_login_premium_user_has_bushi_rank_xp" time="0.210" /><testcase classname="backend.tests.test_adult_journey.TestAdultJourneyAPI" name="test_get_adult_journey_progress" time="0.133" /><testcase classname="backend.tests.test_adult_journey.TestAdultJourneyAPI" name="test_get_adult_journey_without_auth_returns_401" time="0.166" /><testcase classname="backend.tests.test_adult_journey.TestAdultJourneyAPI" name="test_post_complete_mission_success" time="0.132" /><testcase classname="backend.tests.test_adult_journey.TestAdultJourneyAPI" name="test_post_complete_mission_without_mission_id_returns_400" time="0.135" /><testcase classname="backend.tests.test_adult_journey.TestAdultJourneyAPI" name="test_post_complete_mission_without_auth_returns_401" time="0.163" /><testcase classname="backend.tests.test_adult_journey.TestAdultJourneyAPI" name="test_post_duplicate_mission_returns_already_completed" time="0.152"><failure message="assert True == False">backend/tests/test_adult_journey.py:164: in test_post_duplicate_mission_returns_already_completed
    assert data['success'] == False
E   assert True == False</failure></testcase><testcase classname="backend.tests.test_adult_journey.TestAuthAPI" name="test_login_with_valid_credentials" time="0.123" /><testcase classname="backend.tests.test_adult_journey.TestAuthAPI" name="test_login_with_invalid_credentials" time="0.039" /><testcase classname="backend.tests.test_adult_journey.TestAuthAPI" name="test_login_without_email_returns_400" time="0.064" /><testcase classname="backend.tests.test_adult_journey.TestAuthAPI" name="test_login_without_password_returns_400" time="0.042" /><testcase classname="backend.tests.test_adult_journey.TestHealthAPI" name="test_health_check" time="0.039" /></testsuite></testsuites>