<?xml version="1.0" encoding="utf-8"?><testsuites name="pytest tests"><testsuite name="pytest" errors="0" failures="0" skipped="0" tests="5" time="1.418" timestamp="2026-07-10T09:59:57.970437+00:00" hostname="agent-env-33aa5057-005f-4301-8d44-d3a723a41246"><testcase classname="backend.tests.test_club_auth.TestClubAuth" name="test_club_register_success" time="0.404" /><testcase classname="backend.tests.test_club_auth.TestClubAuth" name="test_club_register_duplicate_email" time="0.144" /><testcase classname="backend.tests.test_club_auth.TestClubAuth" name="test_club_login_success" time="0.322" /><testcase classname="backend.tests.test_club_auth.TestClubAuth" name="test_club_login_wrong_password" time="0.357" /><testcase classname="backend.tests.test_club_auth.TestClubAuth" name="test_club_login_unknown_email" time="0.142" /></testsuite></testsuites>