<?xml version="1.0" encoding="utf-8"?><testsuites name="pytest tests"><testsuite name="pytest" errors="0" failures="0" skipped="0" tests="12" time="0.525" timestamp="2026-01-18T08:57:01.719110+00:00" hostname="agent-env-595568fd-6592-4481-8cd1-fda0cb8270cf"><testcase classname="tests.test_grades_api.TestGradesProgrammeAPI" name="test_get_all_grades_returns_6_kyu_grades" time="0.072" /><testcase classname="tests.test_grades_api.TestGradesProgrammeAPI" name="test_grades_have_required_fields" time="0.040" /><testcase classname="tests.test_grades_api.TestGradesProgrammeAPI" name="test_grades_ordered_correctly" time="0.037" /><testcase classname="tests.test_grades_api.TestGradeDetailAPI" name="test_get_6e_kyu_detail" time="0.036" /><testcase classname="tests.test_grades_api.TestGradeDetailAPI" name="test_get_1er_kyu_detail" time="0.035" /><testcase classname="tests.test_grades_api.TestGradeDetailAPI" name="test_grade_detail_has_all_fields" time="0.033" /><testcase classname="tests.test_grades_api.TestGradeDetailAPI" name="test_techniques_have_required_fields" time="0.033" /><testcase classname="tests.test_grades_api.TestGradeDetailAPI" name="test_mouvements_have_required_fields" time="0.035" /><testcase classname="tests.test_grades_api.TestGradeDetailAPI" name="test_invalid_grade_returns_404" time="0.037" /><testcase classname="tests.test_grades_api.TestCategoriesAPI" name="test_get_categories" time="0.033" /><testcase classname="tests.test_grades_api.TestCategoriesAPI" name="test_categories_have_required_fields" time="0.032" /><testcase classname="tests.test_grades_api.TestAttaquesAPI" name="test_get_attaques" time="0.035" /></testsuite></testsuites>