<?xml version="1.0" encoding="utf-8"?><testsuites name="pytest tests"><testsuite name="pytest" errors="0" failures="0" skipped="0" tests="17" time="0.706" timestamp="2026-01-18T09:17:29.876913+00:00" hostname="agent-env-595568fd-6592-4481-8cd1-fda0cb8270cf"><testcase classname="tests.test_grades_api.TestGradesProgrammeAPI" name="test_get_all_grades_returns_10_grades" time="0.066" /><testcase classname="tests.test_grades_api.TestGradesProgrammeAPI" name="test_grades_have_type_grade_field" time="0.034" /><testcase classname="tests.test_grades_api.TestGradesProgrammeAPI" name="test_grades_have_required_fields" time="0.032" /><testcase classname="tests.test_grades_api.TestGradesProgrammeAPI" name="test_grades_ordered_correctly" time="0.036" /><testcase classname="tests.test_grades_api.TestGradesTypeFilter" name="test_filter_kyu_grades" time="0.040" /><testcase classname="tests.test_grades_api.TestGradesTypeFilter" name="test_filter_dan_grades" time="0.034" /><testcase classname="tests.test_grades_api.TestGradesTypeFilter" name="test_dan_grades_have_black_belt" time="0.036" /><testcase classname="tests.test_grades_api.TestDanGradeDetailAPI" name="test_get_shodan_detail" time="0.038" /><testcase classname="tests.test_grades_api.TestDanGradeDetailAPI" name="test_get_nidan_detail" time="0.034" /><testcase classname="tests.test_grades_api.TestDanGradeDetailAPI" name="test_get_sandan_detail" time="0.042" /><testcase classname="tests.test_grades_api.TestDanGradeDetailAPI" name="test_get_yondan_detail" time="0.036" /><testcase classname="tests.test_grades_api.TestDanGradeDetailAPI" name="test_dan_grade_has_all_fields" time="0.033" /><testcase classname="tests.test_grades_api.TestKyuGradeDetailAPI" name="test_get_6e_kyu_detail" time="0.036" /><testcase classname="tests.test_grades_api.TestKyuGradeDetailAPI" name="test_get_1er_kyu_detail" time="0.033" /><testcase classname="tests.test_grades_api.TestKyuGradeDetailAPI" name="test_invalid_grade_returns_404" time="0.031" /><testcase classname="tests.test_grades_api.TestCategoriesAPI" name="test_get_categories" time="0.033" /><testcase classname="tests.test_grades_api.TestAttaquesAPI" name="test_get_attaques" time="0.033" /></testsuite></testsuites>