<?xml version="1.0" encoding="utf-8"?><testsuites name="pytest tests"><testsuite name="pytest" errors="0" failures="0" skipped="0" tests="17" time="1.458" timestamp="2026-01-20T08:31:48.680946+00:00" hostname="agent-env-d142f2d3-9f4d-472d-9f92-a4cf228f8a5f"><testcase classname="tests.test_wayofdojo_iteration11.TestStagesAPI" name="test_get_stages_list" time="0.076" /><testcase classname="tests.test_wayofdojo_iteration11.TestStagesAPI" name="test_get_stages_with_level_filter" time="0.045" /><testcase classname="tests.test_wayofdojo_iteration11.TestStagesAPI" name="test_get_stages_featured" time="0.041" /><testcase classname="tests.test_wayofdojo_iteration11.TestStagesAPI" name="test_get_stages_pagination" time="0.039" /><testcase classname="tests.test_wayofdojo_iteration11.TestStagesAPIById" name="test_get_stage_by_id" time="0.074" /><testcase classname="tests.test_wayofdojo_iteration11.TestStagesAPIById" name="test_get_stage_not_found" time="0.038" /><testcase classname="tests.test_wayofdojo_iteration11.TestStagesAdminAPI" name="test_create_stage_admin" time="0.192" /><testcase classname="tests.test_wayofdojo_iteration11.TestStagesAdminAPI" name="test_create_stage_unauthorized" time="0.145" /><testcase classname="tests.test_wayofdojo_iteration11.TestStagesAdminAPI" name="test_create_stage_missing_fields" time="0.156" /><testcase classname="tests.test_wayofdojo_iteration11.TestStagesSeedAPI" name="test_seed_stages_already_exists" time="0.153" /><testcase classname="tests.test_wayofdojo_iteration11.TestStagesSeedAPI" name="test_seed_stages_unauthorized" time="0.145" /><testcase classname="tests.test_wayofdojo_iteration11.TestProgressionPage" name="test_progression_page_loads" time="0.047" /><testcase classname="tests.test_wayofdojo_iteration11.TestProgressionPage" name="test_progression_page_content" time="0.047" /><testcase classname="tests.test_wayofdojo_iteration11.TestBadgesPage" name="test_badges_page_loads" time="0.049" /><testcase classname="tests.test_wayofdojo_iteration11.TestBadgesPage" name="test_badges_page_content" time="0.050" /><testcase classname="tests.test_wayofdojo_iteration11.TestStagesPageIntegration" name="test_stages_page_loads" time="0.049" /><testcase classname="tests.test_wayofdojo_iteration11.TestStagesPageIntegration" name="test_stages_api_data_matches_seed" time="0.036" /></testsuite></testsuites>