<?xml version="1.0" encoding="utf-8"?><testsuites name="pytest tests"><testsuite name="pytest" errors="0" failures="0" skipped="0" tests="10" time="1.290" timestamp="2026-01-20T05:14:09.362682+00:00" hostname="agent-env-d142f2d3-9f4d-472d-9f92-a4cf228f8a5f"><testcase classname="tests.test_wayofdojo_api.TestAuthAPI" name="test_login_success" time="0.157" /><testcase classname="tests.test_wayofdojo_api.TestAuthAPI" name="test_login_invalid_credentials" time="0.041" /><testcase classname="tests.test_wayofdojo_api.TestAuthAPI" name="test_get_current_user" time="0.164" /><testcase classname="tests.test_wayofdojo_api.TestAdminStatsAPI" name="test_admin_stats_access" time="0.169" /><testcase classname="tests.test_wayofdojo_api.TestAdminStatsAPI" name="test_admin_stats_content" time="0.167" /><testcase classname="tests.test_wayofdojo_api.TestAdminUsersAPI" name="test_get_users_list" time="0.161" /><testcase classname="tests.test_wayofdojo_api.TestAdminUsersAPI" name="test_search_users" time="0.157" /><testcase classname="tests.test_wayofdojo_api.TestAdminUsersAPI" name="test_unauthorized_access" time="0.152" /><testcase classname="tests.test_wayofdojo_api.TestStagesData" name="test_stages_page_loads" time="0.048" /><testcase classname="tests.test_wayofdojo_api.TestStagesData" name="test_stages_mock_data_note" time="0.000" /></testsuite></testsuites>